<?xml version="1.0" encoding="UTF-8"?>
<!-- Generated by org.testng.reporters.JUnitReportReporter -->
<testsuite hostname="Delmonte-Mac-mini.local" name="MCNTest.MCNDemoTest" tests="1" failures="0" timestamp="9 May 2016 02:20:58 GMT" time="16.028" errors="0">
  <testcase name="HealthCareLogin" time="16.028" classname="MCNTest.MCNDemoTest"/>
</testsuite> <!-- MCNTest.MCNDemoTest -->
